<?xml version="1.0" encoding="UTF-8"?>
<testsuite xmlns:xsi="http://www.w3.org/2001/XMLSchema-instance" xsi:noNamespaceSchemaLocation="https://maven.apache.org/surefire/maven-surefire-plugin/xsd/surefire-test-report-3.0.xsd" version="3.0" name="com.sm2sdk.core.exception.ErrorCodeTest" time="0.063" tests="40" errors="0" skipped="0" failures="0">
  <properties>
[...]
</properties>
  <testcase name="ivReuse" classname="com.sm2sdk.core.exception.ErrorCodeTest" time="0.016"/>
  <testcase name="sessionNotFoundOrExpired" classname="com.sm2sdk.core.exception.ErrorCodeTest" time="0.001"/>
  <testcase name="clientTempPubkeyInvalid" classname="com.sm2sdk.core.exception.ErrorCodeTest" time="0.001"/>
  <testcase name="serverPubkeyNotConfigured" classname="com.sm2sdk.core.exception.ErrorCodeTest" time="0.0"/>
  <testcase name="timestampDeviationExceeded" classname="com.sm2sdk.core.exception.ErrorCodeTest" time="0.0"/>
  <testcase name="shouldHaveAll35ErrorCodes" classname="com.sm2sdk.core.exception.ErrorCodeTest" time="0.0"/>
  <testcase name="sm4DecryptTagFailed" classname="com.sm2sdk.core.exception.ErrorCodeTest" time="0.0"/>
  <testcase name="sessionTampered" classname="com.sm2sdk.core.exception.ErrorCodeTest" time="0.001"/>
  <testcase name="networkConnectionFailed" classname="com.sm2sdk.core.exception.ErrorCodeTest" time="0.001"/>
  <testcase name="shouldHaveUniqueCodes" classname="com.sm2sdk.core.exception.ErrorCodeTest" time="0.001"/>
  <testcase name="unknownError" classname="com.sm2sdk.core.exception.ErrorCodeTest" time="0.0"/>
  <testcase name="sessionCountExceeded" classname="com.sm2sdk.core.exception.ErrorCodeTest" time="0.001"/>
  <testcase name="keyConfirmFailedSa" classname="com.sm2sdk.core.exception.ErrorCodeTest" time="0.001"/>
  <testcase name="keyConfirmFailedSb" classname="com.sm2sdk.core.exception.ErrorCodeTest" time="0.0"/>
  <testcase name="serverCertVerifyFailed" classname="com.sm2sdk.core.exception.ErrorCodeTest" time="0.0"/>
  <testcase name="decryptSessionKeyMissing" classname="com.sm2sdk.core.exception.ErrorCodeTest" time="0.0"/>
  <testcase name="requestRateLimitExceeded" classname="com.sm2sdk.core.exception.ErrorCodeTest" time="0.0"/>
  <testcase name="memoryCleanupFailed" classname="com.sm2sdk.core.exception.ErrorCodeTest" time="0.0"/>
  <testcase name="shouldMapHttpStatus" classname="com.sm2sdk.core.exception.ErrorCodeTest" time="0.001"/>
  <testcase name="httpRequestFailed" classname="com.sm2sdk.core.exception.ErrorCodeTest" time="0.001"/>
  <testcase name="shouldExtractSeverity" classname="com.sm2sdk.core.exception.ErrorCodeTest" time="0.0"/>
  <testcase name="keyFileReadFailed" classname="com.sm2sdk.core.exception.ErrorCodeTest" time="0.0"/>
  <testcase name="threadPoolFull" classname="com.sm2sdk.core.exception.ErrorCodeTest" time="0.001"/>
  <testcase name="clientPrivateKeyNotConfigured" classname="com.sm2sdk.core.exception.ErrorCodeTest" time="0.0"/>
  <testcase name="clientInitFailed" classname="com.sm2sdk.core.exception.ErrorCodeTest" time="0.0"/>
  <testcase name="sessionExpired" classname="com.sm2sdk.core.exception.ErrorCodeTest" time="0.001"/>
  <testcase name="sessionRequestLimitExceeded" classname="com.sm2sdk.core.exception.ErrorCodeTest" time="0.001"/>
  <testcase name="tempPubkeyGenFailed" classname="com.sm2sdk.core.exception.ErrorCodeTest" time="0.0"/>
  <testcase name="localSignGenFailed" classname="com.sm2sdk.core.exception.ErrorCodeTest" time="0.001"/>
  <testcase name="serverTempPubkeyNotOnCurve" classname="com.sm2sdk.core.exception.ErrorCodeTest" time="0.0"/>
  <testcase name="signatureVerifyFailed" classname="com.sm2sdk.core.exception.ErrorCodeTest" time="0.001"/>
  <testcase name="nonceReplay" classname="com.sm2sdk.core.exception.ErrorCodeTest" time="0.0"/>
  <testcase name="allCodesShouldBeExactlyFiveDigits" classname="com.sm2sdk.core.exception.ErrorCodeTest" time="0.0"/>
  <testcase name="sessionStateInvalid" classname="com.sm2sdk.core.exception.ErrorCodeTest" time="0.0"/>
  <testcase name="duplicateHandshakeRequest" classname="com.sm2sdk.core.exception.ErrorCodeTest" time="0.0"/>
  <testcase name="sm4EncryptFailed" classname="com.sm2sdk.core.exception.ErrorCodeTest" time="0.0"/>
  <testcase name="clientCertVerifyFailed" classname="com.sm2sdk.core.exception.ErrorCodeTest" time="0.0"/>
  <testcase name="handshakeTimeout" classname="com.sm2sdk.core.exception.ErrorCodeTest" time="0.001"/>
  <testcase name="circuitBreakerTripped" classname="com.sm2sdk.core.exception.ErrorCodeTest" time="0.0"/>
  <testcase name="sharedSecretCalcFailed" classname="com.sm2sdk.core.exception.ErrorCodeTest" time="0.001"/>
</testsuite>